<?xml version="1.0" encoding="UTF-8"?>
<testsuite xmlns:xsi="http://www.w3.org/2001/XMLSchema-instance" xsi:noNamespaceSchemaLocation="https://maven.apache.org/surefire/maven-surefire-plugin/xsd/surefire-test-report.xsd" name="com.andresanni.productservice.ProductServiceApplicationTests" time="17.482" tests="2" errors="0" skipped="0" failures="1">
  <properties>
[...]
</properties>
  <testcase name="shouldCreateProduct" classname="com.andresanni.productservice.ProductServiceApplicationTests" time="1.335"/>
  <testcase name="shouldReturnAllProducts" classname="com.andresanni.productservice.ProductServiceApplicationTests" time="0.129">
    <failure message="expected: &lt;[ProductResponse(id=iphone 12, name=Iphone 12, description=Descripcion, price=1000), ProductResponse(id=iphone 14, name=Iphone 14, description=Descripcion, price=2000)]&gt; but was: &lt;[ProductResponse(id=6430186959aa901888d6e741, name=iPhone 13, description=Iphone 13, price=1200), ProductResponse(id=iphone 12, name=Iphone 12, description=Descripcion, price=1000), ProductResponse(id=iphone 14, name=Iphone 14, description=Descripcion, price=2000)]&gt;" type="org.opentest4j.AssertionFailedError"><![CDATA[org.opentest4j.AssertionFailedError: expected: <[ProductResponse(id=iphone 12, name=Iphone 12, description=Descripcion, price=1000), ProductResponse(id=iphone 14, name=Iphone 14, description=Descripcion, price=2000)]> but was: <[ProductResponse(id=6430186959aa901888d6e741, name=iPhone 13, description=Iphone 13, price=1200), ProductResponse(id=iphone 12, name=Iphone 12, description=Descripcion, price=1000), ProductResponse(id=iphone 14, name=Iphone 14, description=Descripcion, price=2000)]>
	at com.andresanni.productservice.ProductServiceApplicationTests.shouldReturnAllProducts(ProductServiceApplicationTests.java:87)
]]></failure>
    <system-out><![CDATA[
  .   ____          _            __ _ _
 /\\ / ___'_ __ _ _(_)_ __  __ _ \ \ \ \
( ( )\___ | '_ | '_| | '_ \/ _` | \ \ \ \
 \\/  ___)| |_)| | | | | || (_| |  ) ) ) )
  '  |____| .__|_| |_|_| |_\__, | / / / /
 =========|_|==============|___/=/_/_/_/
 :: Spring Boot ::               (v2.7.10)

2023-04-07 10:19:38.064  INFO 5436 --- [           main] c.a.p.ProductServiceApplicationTests     : Starting ProductServiceApplicationTests using Java 11.0.18 on DESKTOP-57TF0VB with PID 5436 (started by Andres in C:\Users\Andres\Documents\microservices-new\product-service)
2023-04-07 10:19:38.064  INFO 5436 --- [           main] c.a.p.ProductServiceApplicationTests     : No active profile set, falling back to 1 default profile: "default"
2023-04-07 10:19:38.434  INFO 5436 --- [           main] .s.d.r.c.RepositoryConfigurationDelegate : Bootstrapping Spring Data MongoDB repositories in DEFAULT mode.
2023-04-07 10:19:38.449  INFO 5436 --- [           main] .s.d.r.c.RepositoryConfigurationDelegate : Finished Spring Data repository scanning in 15 ms. Found 1 MongoDB repository interfaces.
2023-04-07 10:19:38.592  INFO 5436 --- [           main] org.mongodb.driver.client                : MongoClient with metadata {"driver": {"name": "mongo-java-driver|sync|spring-boot", "version": "4.6.1"}, "os": {"type": "Windows", "name": "Windows 10", "architecture": "amd64", "version": "10.0"}, "platform": "Java/Eclipse Adoptium/11.0.18+10"} created with settings MongoClientSettings{readPreference=primary, writeConcern=WriteConcern{w=null, wTimeout=null ms, journal=null}, retryWrites=true, retryReads=true, readConcern=ReadConcern{level=null}, credential=null, streamFactoryFactory=null, commandListeners=[], codecRegistry=ProvidersCodecRegistry{codecProviders=[ValueCodecProvider{}, BsonValueCodecProvider{}, DBRefCodecProvider{}, DBObjectCodecProvider{}, DocumentCodecProvider{}, IterableCodecProvider{}, MapCodecProvider{}, GeoJsonCodecProvider{}, GridFSFileCodecProvider{}, Jsr310CodecProvider{}, JsonObjectCodecProvider{}, BsonCodecProvider{}, EnumCodecProvider{}, com.mongodb.Jep395RecordCodecProvider@504497fa]}, clusterSettings={hosts=[localhost:60387], srvServiceName=mongodb, mode=SINGLE, requiredClusterType=UNKNOWN, requiredReplicaSetName='null', serverSelector='null', clusterListeners='[]', serverSelectionTimeout='30000 ms', localThreshold='30000 ms'}, socketSettings=SocketSettings{connectTimeoutMS=10000, readTimeoutMS=0, receiveBufferSize=0, sendBufferSize=0}, heartbeatSocketSettings=SocketSettings{connectTimeoutMS=10000, readTimeoutMS=10000, receiveBufferSize=0, sendBufferSize=0}, connectionPoolSettings=ConnectionPoolSettings{maxSize=100, minSize=0, maxWaitTimeMS=120000, maxConnectionLifeTimeMS=0, maxConnectionIdleTimeMS=0, maintenanceInitialDelayMS=0, maintenanceFrequencyMS=60000, connectionPoolListeners=[], maxConnecting=2}, serverSettings=ServerSettings{heartbeatFrequencyMS=10000, minHeartbeatFrequencyMS=500, serverListeners='[]', serverMonitorListeners='[]'}, sslSettings=SslSettings{enabled=false, invalidHostNameAllowed=false, context=null}, applicationName='null', compressorList=[], uuidRepresentation=JAVA_LEGACY, serverApi=null, autoEncryptionSettings=null, contextProvider=null}
2023-04-07 10:19:38.600  INFO 5436 --- [localhost:60387] org.mongodb.driver.connection            : Opened connection [connectionId{localValue:4, serverValue:6}] to localhost:60387
2023-04-07 10:19:38.601  INFO 5436 --- [localhost:60387] org.mongodb.driver.connection            : Opened connection [connectionId{localValue:5, serverValue:7}] to localhost:60387
2023-04-07 10:19:38.602  INFO 5436 --- [localhost:60387] org.mongodb.driver.cluster               : Monitor thread successfully connected to server with description ServerDescription{address=localhost:60387, type=REPLICA_SET_PRIMARY, state=CONNECTED, ok=true, minWireVersion=0, maxWireVersion=9, maxDocumentSize=16777216, logicalSessionTimeoutMinutes=30, roundTripTimeNanos=7532700, setName='docker-rs', canonicalAddress=c6304673c067:27017, hosts=[c6304673c067:27017], passives=[], arbiters=[], primary='c6304673c067:27017', tagSet=TagSet{[]}, electionId=7fffffff0000000000000001, setVersion=1, topologyVersion=TopologyVersion{processId=643018614198f69ed7b44ae9, counter=6}, lastWriteDate=Fri Apr 07 10:19:37 ART 2023, lastUpdateTimeNanos=249079243757700}
2023-04-07 10:19:39.278  INFO 5436 --- [           main] o.s.b.t.m.w.SpringBootMockServletContext : Initializing Spring TestDispatcherServlet ''
2023-04-07 10:19:39.278  INFO 5436 --- [           main] o.s.t.web.servlet.TestDispatcherServlet  : Initializing Servlet ''
2023-04-07 10:19:39.279  INFO 5436 --- [           main] o.s.t.web.servlet.TestDispatcherServlet  : Completed initialization in 1 ms
2023-04-07 10:19:39.291  INFO 5436 --- [           main] c.a.p.ProductServiceApplicationTests     : Started ProductServiceApplicationTests in 1.295 seconds (JVM running for 17.965)
2023-04-07 10:19:39.329  INFO 5436 --- [           main] org.mongodb.driver.connection            : Opened connection [connectionId{localValue:6, serverValue:8}] to localhost:60387

MockHttpServletRequest:
      HTTP Method = GET
      Request URI = /api/product
       Parameters = {}
          Headers = []
             Body = null
    Session Attrs = {}

Handler:
             Type = com.andresanni.productservice.controller.ProductController
           Method = com.andresanni.productservice.controller.ProductController#getAllProducts()

Async:
    Async started = false
     Async result = null

Resolved Exception:
             Type = null

ModelAndView:
        View name = null
             View = null
            Model = null

FlashMap:
       Attributes = null

MockHttpServletResponse:
           Status = 200
    Error message = null
          Headers = [Content-Type:"application/json"]
     Content type = application/json
             Body = [{"id":"6430186959aa901888d6e741","name":"iPhone 13","description":"Iphone 13","price":1200},{"id":"iphone 12","name":"Iphone 12","description":"Descripcion","price":1000},{"id":"iphone 14","name":"Iphone 14","description":"Descripcion","price":2000}]
    Forwarded URL = null
   Redirected URL = null
          Cookies = []
]]></system-out>
  </testcase>
</testsuite>